<?xml version="1.0" encoding="UTF-8"?>
<testng-results ignored="0" total="3" passed="3" failed="0" skipped="0">
  <reporter-output>
  </reporter-output>
  <suite started-at="2022-11-28T11:53:07 IST" name="Suite" finished-at="2022-11-28T11:54:31 IST" duration-ms="84202">
    <groups>
    </groups>
    <test started-at="2022-11-28T11:53:07 IST" name="Test" finished-at="2022-11-28T11:54:31 IST" duration-ms="84202">
      <class name="DataProvider.Amazon_Login">
        <test-method signature="Valid(java.lang.String,java.lang.String,java.lang.String)[pri:0, instance:DataProvider.Amazon_Login@795cd85e]" started-at="2022-11-28T11:53:07 IST" name="Valid" data-provider="getData" finished-at="2022-11-28T11:54:31 IST" duration-ms="84056" status="PASS">
          <params>
            <param index="0">
              <value>
                <![CDATA[blank_Pswd]]>
              </value>
            </param>
            <param index="1">
              <value>
                <![CDATA[porandlasaisrinadh@gmail.com]]>
              </value>
            </param>
            <param index="2">
              <value>
                <![CDATA[]]>
              </value>
            </param>
          </params>
          <reporter-output>
          </reporter-output>
        </test-method> <!-- Valid -->
        <test-method signature="Valid(java.lang.String,java.lang.String,java.lang.String)[pri:0, instance:DataProvider.Amazon_Login@795cd85e]" started-at="2022-11-28T11:53:07 IST" name="Valid" data-provider="getData" finished-at="2022-11-28T11:54:17 IST" duration-ms="70182" status="PASS">
          <params>
            <param index="0">
              <value>
                <![CDATA[valid]]>
              </value>
            </param>
            <param index="1">
              <value>
                <![CDATA[porandlasaisrinadh@gmail.com]]>
              </value>
            </param>
            <param index="2">
              <value>
                <![CDATA[Srin@dh2448]]>
              </value>
            </param>
          </params>
          <reporter-output>
          </reporter-output>
        </test-method> <!-- Valid -->
        <test-method signature="Valid(java.lang.String,java.lang.String,java.lang.String)[pri:0, instance:DataProvider.Amazon_Login@795cd85e]" started-at="2022-11-28T11:53:07 IST" name="Valid" data-provider="getData" finished-at="2022-11-28T11:54:23 IST" duration-ms="76192" status="PASS">
          <params>
            <param index="0">
              <value>
                <![CDATA[invalid_Pswd]]>
              </value>
            </param>
            <param index="1">
              <value>
                <![CDATA[porandlasaisrinadh@gmail.com]]>
              </value>
            </param>
            <param index="2">
              <value>
                <![CDATA[sdbkjdcf]]>
              </value>
            </param>
          </params>
          <reporter-output>
          </reporter-output>
        </test-method> <!-- Valid -->
      </class> <!-- DataProvider.Amazon_Login -->
    </test> <!-- Test -->
  </suite> <!-- Suite -->
</testng-results>
