<?xml version="1.0" encoding="UTF-8"?>
<!-- Generated by org.testng.reporters.JUnitXMLReporter -->
<testsuite ignored="0" hostname="QT-INHD-LT0805" failures="0" tests="3" name="Default test" time="27.004" errors="0" timestamp="2022-11-24T11:07:45 IST">
  <testcase classname="DataProvider.Amazon_Login" name="Valid" time="8.691"/>
  <testcase classname="DataProvider.Amazon_Login" name="Valid" time="9.708"/>
  <testcase classname="DataProvider.Amazon_Login" name="Valid" time="8.571"/>
</testsuite> <!-- Default test -->
