<?xml version="1.0" encoding="UTF-8"?>
<!-- Generated by org.testng.reporters.JUnitXMLReporter -->
<testsuite ignored="0" hostname="QT-INHD-LT0805" failures="0" tests="3" name="Test" time="84.202" errors="0" timestamp="2022-11-28T11:54:31 IST">
  <testcase classname="DataProvider.Amazon_Login" name="Valid" time="70.182"/>
  <testcase classname="DataProvider.Amazon_Login" name="Valid" time="76.192"/>
  <testcase classname="DataProvider.Amazon_Login" name="Valid" time="84.056"/>
</testsuite> <!-- Test -->
